<?xml version="1.0" encoding="UTF-8" standalone="no"?>
<testsuite failures="1" name="cucumber.runtime.formatter.JUnitFormatter" skipped="0" tests="1" time="18.871079">
<testcase classname="To test Functionality of Purpose Code Menu" name="Testing of List functionality for Purpose Code Menu" time="18.871079">
<failure message="org.openqa.selenium.NoSuchFrameException: No frame element found by name or id toc&#10;Build info: version: '3.14.0', revision: 'aacccce0', time: '2018-08-02T20:05:20.749Z'&#10;System info: host: 'DESKTOP-02413D4', ip: '172.24.192.1', os.name: 'Windows 10', os.arch: 'amd64', os.version: '10.0', java.version: '1.8.0_221'&#10;Driver info: driver.version: unknown&#13;&#10;&#9;at org.openqa.selenium.remote.RemoteWebDriver$RemoteTargetLocator.frame(RemoteWebDriver.java:881)&#13;&#10;&#9;at com.yesbank.qa.util.ElementUtil.GoToFrame(ElementUtil.java:47)&#13;&#10;&#9;at com.yesbank.qa.stepDefination.PurposeCodeStepDefination.user_navigates_to_Application_Master_Data_Maintenance_selects_Purpose_Code_menu_and_clicks_on_sub_option_List(PurposeCodeStepDefination.java:62)&#13;&#10;&#9;at ✽.User navigates to Application, Master Data Maintenance selects Purpose Code menu and clicks on sub option List(file:src/main/resources/Features/TC04-PurposeCode.feature:64)&#13;&#10;"><![CDATA[Given User navigates to Application, Master Data Maintenance selects Purpose Code menu and clicks on sub option List.failed
Then User provides the valid record details using Sheet "PurposeCode_ModifyApproveList" to view the required record.skipped

StackTrace:
org.openqa.selenium.NoSuchFrameException: No frame element found by name or id toc
Build info: version: '3.14.0', revision: 'aacccce0', time: '2018-08-02T20:05:20.749Z'
System info: host: 'DESKTOP-02413D4', ip: '172.24.192.1', os.name: 'Windows 10', os.arch: 'amd64', os.version: '10.0', java.version: '1.8.0_221'
Driver info: driver.version: unknown
	at org.openqa.selenium.remote.RemoteWebDriver$RemoteTargetLocator.frame(RemoteWebDriver.java:881)
	at com.yesbank.qa.util.ElementUtil.GoToFrame(ElementUtil.java:47)
	at com.yesbank.qa.stepDefination.PurposeCodeStepDefination.user_navigates_to_Application_Master_Data_Maintenance_selects_Purpose_Code_menu_and_clicks_on_sub_option_List(PurposeCodeStepDefination.java:62)
	at ✽.User navigates to Application, Master Data Maintenance selects Purpose Code menu and clicks on sub option List(file:src/main/resources/Features/TC04-PurposeCode.feature:64)
]]></failure>
</testcase>
</testsuite>
